<?xml version="1.0" encoding="UTF-8"?>
<!-- Generated by org.testng.reporters.JUnitReportReporter -->
<testsuite skipped="0" hostname="BDTUDV31328" name="oxygenPackage.Browser_Open" tests="1" failures="0" timestamp="22 May 2018 11:59:38 GMT" time="17.975" errors="0">
  <testcase name="openBrowser" time="17.975" classname="oxygenPackage.Browser_Open"/>
</testsuite> <!-- oxygenPackage.Browser_Open -->
