<?xml version="1.0" encoding="UTF-8"?>
<!-- Generated by org.testng.reporters.JUnitReportReporter -->
<testsuite skipped="0" hostname="BDTUDV31328" name="oxygenPackage.Login_Orange" tests="1" failures="0" timestamp="22 May 2018 12:51:20 GMT" time="11.649" errors="0">
  <testcase name="LoginOrange" time="11.649" classname="oxygenPackage.Login_Orange"/>
</testsuite> <!-- oxygenPackage.Login_Orange -->
